This file contains any messages produced by compilers while
running configure, to aid debugging if configure makes a mistake.

It was created by czmq configure 3.0.2, which was
generated by GNU Autoconf 2.68.  Invocation command line was

  $ ./configure --prefix=/home/sgeadmin/COLAS/src/ZMQ/czmqlibs

## --------- ##
## Platform. ##
## --------- ##

hostname = sgeadmin-VirtualBox
uname -m = x86_64
uname -r = 3.13.0-93-generic
uname -s = Linux
uname -v = #140-Ubuntu SMP Mon Jul 18 21:21:05 UTC 2016

/usr/bin/uname -p = unknown
/bin/uname -X     = unknown

/bin/arch              = unknown
/usr/bin/arch -k       = unknown
/usr/convex/getsysinfo = unknown
/usr/bin/hostinfo      = unknown
/bin/machine           = unknown
/usr/bin/oslevel       = unknown
/bin/universe          = unknown

PATH: /home/sgeadmin/go/bin
PATH: /home/sgeadmin/golang/bin
PATH: /usr/local/sbin
PATH: /usr/local/bin
PATH: /usr/sbin
PATH: /usr/bin
PATH: /sbin
PATH: /bin
PATH: /usr/games
PATH: /usr/local/games


## ----------- ##
## Core tests. ##
## ----------- ##

configure:2392: checking for a BSD-compatible install
configure:2460: result: /usr/bin/install -c
configure:2471: checking whether build environment is sane
configure:2521: result: yes
configure:2662: checking for a thread-safe mkdir -p
configure:2701: result: /bin/mkdir -p
configure:2714: checking for gawk
configure:2744: result: no
configure:2714: checking for mawk
configure:2730: found /usr/bin/mawk
configure:2741: result: mawk
configure:2752: checking whether make sets $(MAKE)
configure:2774: result: yes
configure:2849: checking how to create a ustar tar archive
configure:2862: tar --version
tar (GNU tar) 1.27.1
Copyright (C) 2013 Free Software Foundation, Inc.
License GPLv3+: GNU GPL version 3 or later <http://gnu.org/licenses/gpl.html>.
This is free software: you are free to change and redistribute it.
There is NO WARRANTY, to the extent permitted by law.

Written by John Gilmore and Jay Fenlason.
configure:2865: $? = 0
configure:2905: tardir=conftest.dir && eval tar --format=ustar -chf - "$tardir" >conftest.tar
configure:2908: $? = 0
configure:2912: tar -xf - <conftest.tar
configure:2915: $? = 0
configure:2928: result: gnutar
configure:2946: checking whether make supports nested variables
configure:2963: result: yes
configure:3060: checking for gcc
configure:3076: found /usr/bin/gcc
configure:3087: result: gcc
configure:3316: checking for C compiler version
configure:3325: gcc --version >&5
gcc (Ubuntu 4.8.4-2ubuntu1~14.04.3) 4.8.4
Copyright (C) 2013 Free Software Foundation, Inc.
This is free software; see the source for copying conditions.  There is NO
warranty; not even for MERCHANTABILITY or FITNESS FOR A PARTICULAR PURPOSE.

configure:3336: $? = 0
configure:3325: gcc -v >&5
Using built-in specs.
COLLECT_GCC=gcc
COLLECT_LTO_WRAPPER=/usr/lib/gcc/x86_64-linux-gnu/4.8/lto-wrapper
Target: x86_64-linux-gnu
Configured with: ../src/configure -v --with-pkgversion='Ubuntu 4.8.4-2ubuntu1~14.04.3' --with-bugurl=file:///usr/share/doc/gcc-4.8/README.Bugs --enable-languages=c,c++,java,go,d,fortran,objc,obj-c++ --prefix=/usr --program-suffix=-4.8 --enable-shared --enable-linker-build-id --libexecdir=/usr/lib --without-included-gettext --enable-threads=posix --with-gxx-include-dir=/usr/include/c++/4.8 --libdir=/usr/lib --enable-nls --with-sysroot=/ --enable-clocale=gnu --enable-libstdcxx-debug --enable-libstdcxx-time=yes --enable-gnu-unique-object --disable-libmudflap --enable-plugin --with-system-zlib --disable-browser-plugin --enable-java-awt=gtk --enable-gtk-cairo --with-java-home=/usr/lib/jvm/java-1.5.0-gcj-4.8-amd64/jre --enable-java-home --with-jvm-root-dir=/usr/lib/jvm/java-1.5.0-gcj-4.8-amd64 --with-jvm-jar-dir=/usr/lib/jvm-exports/java-1.5.0-gcj-4.8-amd64 --with-arch-directory=amd64 --with-ecj-jar=/usr/share/java/eclipse-ecj.jar --enable-objc-gc --enable-multiarch --disable-werror --with-arch-32=i686 --with-abi=m64 --with-multilib-list=m32,m64,mx32 --with-tune=generic --enable-checking=release --build=x86_64-linux-gnu --host=x86_64-linux-gnu --target=x86_64-linux-gnu
Thread model: posix
gcc version 4.8.4 (Ubuntu 4.8.4-2ubuntu1~14.04.3) 
configure:3336: $? = 0
configure:3325: gcc -V >&5
gcc: error: unrecognized command line option '-V'
gcc: fatal error: no input files
compilation terminated.
configure:3336: $? = 4
configure:3325: gcc -qversion >&5
gcc: error: unrecognized command line option '-qversion'
gcc: fatal error: no input files
compilation terminated.
configure:3336: $? = 4
configure:3356: checking whether the C compiler works
configure:3378: gcc    conftest.c  >&5
configure:3382: $? = 0
configure:3430: result: yes
configure:3433: checking for C compiler default output file name
configure:3435: result: a.out
configure:3441: checking for suffix of executables
configure:3448: gcc -o conftest    conftest.c  >&5
configure:3452: $? = 0
configure:3474: result: 
configure:3496: checking whether we are cross compiling
configure:3504: gcc -o conftest    conftest.c  >&5
configure:3508: $? = 0
configure:3515: ./conftest
configure:3519: $? = 0
configure:3534: result: no
configure:3539: checking for suffix of object files
configure:3561: gcc -c   conftest.c >&5
configure:3565: $? = 0
configure:3586: result: o
configure:3590: checking whether we are using the GNU C compiler
configure:3609: gcc -c   conftest.c >&5
configure:3609: $? = 0
configure:3618: result: yes
configure:3627: checking whether gcc accepts -g
configure:3647: gcc -c -g  conftest.c >&5
configure:3647: $? = 0
configure:3688: result: yes
configure:3705: checking for gcc option to accept ISO C89
configure:3769: gcc  -c -g -O2  conftest.c >&5
configure:3769: $? = 0
configure:3782: result: none needed
configure:3813: checking for style of include used by make
configure:3841: result: GNU
configure:3867: checking dependency style of gcc
configure:3978: result: gcc3
configure:3993: checking for gcc option to accept ISO C99
configure:4142: gcc  -c -g -O2  conftest.c >&5
conftest.c:64:29: error: expected ';', ',' or ')' before 'text'
 test_restrict (ccp restrict text)
                             ^
conftest.c: In function 'main':
conftest.c:118:18: error: expected '=', ',', ';', 'asm' or '__attribute__' before 'newvar'
   char *restrict newvar = "Another string";
                  ^
conftest.c:118:18: error: 'newvar' undeclared (first use in this function)
conftest.c:118:18: note: each undeclared identifier is reported only once for each function it appears in
conftest.c:128:3: error: 'for' loop initial declarations are only allowed in C99 mode
   for (int i = 0; i < ia->datasize; ++i)
   ^
conftest.c:128:3: note: use option -std=c99 or -std=gnu99 to compile your code
configure:4142: $? = 1
configure: failed program was:
| /* confdefs.h */
| #define PACKAGE_NAME "czmq"
| #define PACKAGE_TARNAME "czmq"
| #define PACKAGE_VERSION "3.0.2"
| #define PACKAGE_STRING "czmq 3.0.2"
| #define PACKAGE_BUGREPORT "zeromq-dev@lists.zeromq.org"
| #define PACKAGE_URL ""
| #define PACKAGE "czmq"
| #define VERSION "3.0.2"
| #define PACKAGE_VERSION_MAJOR 3
| #define PACKAGE_VERSION_MINOR 0
| #define PACKAGE_VERSION_PATCH 2
| /* end confdefs.h.  */
| #include <stdarg.h>
| #include <stdbool.h>
| #include <stdlib.h>
| #include <wchar.h>
| #include <stdio.h>
| 
| // Check varargs macros.  These examples are taken from C99 6.10.3.5.
| #define debug(...) fprintf (stderr, __VA_ARGS__)
| #define showlist(...) puts (#__VA_ARGS__)
| #define report(test,...) ((test) ? puts (#test) : printf (__VA_ARGS__))
| static void
| test_varargs_macros (void)
| {
|   int x = 1234;
|   int y = 5678;
|   debug ("Flag");
|   debug ("X = %d\n", x);
|   showlist (The first, second, and third items.);
|   report (x>y, "x is %d but y is %d", x, y);
| }
| 
| // Check long long types.
| #define BIG64 18446744073709551615ull
| #define BIG32 4294967295ul
| #define BIG_OK (BIG64 / BIG32 == 4294967297ull && BIG64 % BIG32 == 0)
| #if !BIG_OK
|   your preprocessor is broken;
| #endif
| #if BIG_OK
| #else
|   your preprocessor is broken;
| #endif
| static long long int bignum = -9223372036854775807LL;
| static unsigned long long int ubignum = BIG64;
| 
| struct incomplete_array
| {
|   int datasize;
|   double data[];
| };
| 
| struct named_init {
|   int number;
|   const wchar_t *name;
|   double average;
| };
| 
| typedef const char *ccp;
| 
| static inline int
| test_restrict (ccp restrict text)
| {
|   // See if C++-style comments work.
|   // Iterate through items via the restricted pointer.
|   // Also check for declarations in for loops.
|   for (unsigned int i = 0; *(text+i) != '\0'; ++i)
|     continue;
|   return 0;
| }
| 
| // Check varargs and va_copy.
| static void
| test_varargs (const char *format, ...)
| {
|   va_list args;
|   va_start (args, format);
|   va_list args_copy;
|   va_copy (args_copy, args);
| 
|   const char *str;
|   int number;
|   float fnumber;
| 
|   while (*format)
|     {
|       switch (*format++)
| 	{
| 	case 's': // string
| 	  str = va_arg (args_copy, const char *);
| 	  break;
| 	case 'd': // int
| 	  number = va_arg (args_copy, int);
| 	  break;
| 	case 'f': // float
| 	  fnumber = va_arg (args_copy, double);
| 	  break;
| 	default:
| 	  break;
| 	}
|     }
|   va_end (args_copy);
|   va_end (args);
| }
| 
| int
| main ()
| {
| 
|   // Check bool.
|   _Bool success = false;
| 
|   // Check restrict.
|   if (test_restrict ("String literal") == 0)
|     success = true;
|   char *restrict newvar = "Another string";
| 
|   // Check varargs.
|   test_varargs ("s, d' f .", "string", 65, 34.234);
|   test_varargs_macros ();
| 
|   // Check flexible array members.
|   struct incomplete_array *ia =
|     malloc (sizeof (struct incomplete_array) + (sizeof (double) * 10));
|   ia->datasize = 10;
|   for (int i = 0; i < ia->datasize; ++i)
|     ia->data[i] = i * 1.234;
| 
|   // Check named initializers.
|   struct named_init ni = {
|     .number = 34,
|     .name = L"Test wide string",
|     .average = 543.34343,
|   };
| 
|   ni.number = 58;
| 
|   int dynamic_array[ni.number];
|   dynamic_array[ni.number - 1] = 543;
| 
|   // work around unused variable warnings
|   return (!success || bignum == 0LL || ubignum == 0uLL || newvar[0] == 'x'
| 	  || dynamic_array[ni.number - 1] != 543);
| 
|   ;
|   return 0;
| }
configure:4142: gcc -std=gnu99 -c -g -O2  conftest.c >&5
configure:4142: $? = 0
configure:4162: result: -std=gnu99
configure:4171: checking whether gcc -std=gnu99 and cc understand -c and -o together
configure:4202: gcc -std=gnu99 -c conftest.c -o conftest2.o >&5
configure:4206: $? = 0
configure:4212: gcc -std=gnu99 -c conftest.c -o conftest2.o >&5
configure:4216: $? = 0
configure:4227: cc -c conftest.c >&5
configure:4231: $? = 0
configure:4239: cc -c conftest.c -o conftest2.o >&5
configure:4243: $? = 0
configure:4249: cc -c conftest.c -o conftest2.o >&5
configure:4253: $? = 0
configure:4271: result: yes
configure:4300: checking build system type
configure:4314: result: x86_64-unknown-linux-gnu
configure:4334: checking host system type
configure:4347: result: x86_64-unknown-linux-gnu
configure:4716: checking how to print strings
configure:4743: result: printf
configure:4764: checking for a sed that does not truncate output
configure:4828: result: /bin/sed
configure:4846: checking for grep that handles long lines and -e
configure:4904: result: /bin/grep
configure:4909: checking for egrep
configure:4971: result: /bin/grep -E
configure:4976: checking for fgrep
configure:5038: result: /bin/grep -F
configure:5073: checking for ld used by gcc -std=gnu99
configure:5140: result: /usr/bin/ld
configure:5147: checking if the linker (/usr/bin/ld) is GNU ld
configure:5162: result: yes
configure:5174: checking for BSD- or MS-compatible name lister (nm)
configure:5223: result: /usr/bin/nm -B
configure:5353: checking the name lister (/usr/bin/nm -B) interface
configure:5360: gcc -std=gnu99 -c -g -O2  conftest.c >&5
configure:5363: /usr/bin/nm -B "conftest.o"
configure:5366: output
0000000000000000 B some_variable
configure:5373: result: BSD nm
configure:5376: checking whether ln -s works
configure:5380: result: yes
configure:5388: checking the maximum length of command line arguments
configure:5518: result: 1572864
configure:5535: checking whether the shell understands some XSI constructs
configure:5545: result: yes
configure:5549: checking whether the shell understands "+="
configure:5555: result: yes
configure:5590: checking how to convert x86_64-unknown-linux-gnu file names to x86_64-unknown-linux-gnu format
configure:5630: result: func_convert_file_noop
configure:5637: checking how to convert x86_64-unknown-linux-gnu file names to toolchain format
configure:5657: result: func_convert_file_noop
configure:5664: checking for /usr/bin/ld option to reload object files
configure:5671: result: -r
configure:5745: checking for objdump
configure:5772: result: objdump
configure:5801: checking how to recognize dependent libraries
configure:6003: result: pass_all
configure:6088: checking for dlltool
configure:6115: result: dlltool
configure:6145: checking how to associate runtime and link libraries
configure:6172: result: printf %s\n
configure:6233: checking for ar
configure:6249: found /usr/bin/ar
configure:6260: result: ar
configure:6297: checking for archiver @FILE support
configure:6314: gcc -std=gnu99 -c -g -O2  conftest.c >&5
configure:6314: $? = 0
configure:6317: ar cru libconftest.a @conftest.lst >&5
configure:6320: $? = 0
configure:6325: ar cru libconftest.a @conftest.lst >&5
ar: conftest.o: No such file or directory
configure:6328: $? = 1
configure:6340: result: @
configure:6398: checking for strip
configure:6414: found /usr/bin/strip
configure:6425: result: strip
configure:6497: checking for ranlib
configure:6513: found /usr/bin/ranlib
configure:6524: result: ranlib
configure:6626: checking command to parse /usr/bin/nm -B output from gcc -std=gnu99 object
configure:6746: gcc -std=gnu99 -c -g -O2  conftest.c >&5
configure:6749: $? = 0
configure:6753: /usr/bin/nm -B conftest.o \| sed -n -e 's/^.*[ ]\([ABCDGIRSTW][ABCDGIRSTW]*\)[ ][ ]*\([_A-Za-z][_A-Za-z0-9]*\)$/\1 \2 \2/p' | sed '/ __gnu_lto/d' \> conftest.nm
configure:6756: $? = 0
configure:6822: gcc -std=gnu99 -o conftest -g -O2   conftest.c conftstm.o >&5
configure:6825: $? = 0
configure:6863: result: ok
configure:6900: checking for sysroot
configure:6930: result: no
configure:7007: gcc -std=gnu99 -c -g -O2  conftest.c >&5
configure:7010: $? = 0
configure:7186: checking for mt
configure:7202: found /bin/mt
configure:7213: result: mt
configure:7236: checking if mt is a manifest tool
configure:7242: mt '-?'
configure:7250: result: no
configure:7892: checking how to run the C preprocessor
configure:7923: gcc -std=gnu99 -E  conftest.c
configure:7923: $? = 0
configure:7937: gcc -std=gnu99 -E  conftest.c
conftest.c:14:28: fatal error: ac_nonexistent.h: No such file or directory
 #include <ac_nonexistent.h>
                            ^
compilation terminated.
configure:7937: $? = 1
configure: failed program was:
| /* confdefs.h */
| #define PACKAGE_NAME "czmq"
| #define PACKAGE_TARNAME "czmq"
| #define PACKAGE_VERSION "3.0.2"
| #define PACKAGE_STRING "czmq 3.0.2"
| #define PACKAGE_BUGREPORT "zeromq-dev@lists.zeromq.org"
| #define PACKAGE_URL ""
| #define PACKAGE "czmq"
| #define VERSION "3.0.2"
| #define PACKAGE_VERSION_MAJOR 3
| #define PACKAGE_VERSION_MINOR 0
| #define PACKAGE_VERSION_PATCH 2
| /* end confdefs.h.  */
| #include <ac_nonexistent.h>
configure:7962: result: gcc -std=gnu99 -E
configure:7982: gcc -std=gnu99 -E  conftest.c
configure:7982: $? = 0
configure:7996: gcc -std=gnu99 -E  conftest.c
conftest.c:14:28: fatal error: ac_nonexistent.h: No such file or directory
 #include <ac_nonexistent.h>
                            ^
compilation terminated.
configure:7996: $? = 1
configure: failed program was:
| /* confdefs.h */
| #define PACKAGE_NAME "czmq"
| #define PACKAGE_TARNAME "czmq"
| #define PACKAGE_VERSION "3.0.2"
| #define PACKAGE_STRING "czmq 3.0.2"
| #define PACKAGE_BUGREPORT "zeromq-dev@lists.zeromq.org"
| #define PACKAGE_URL ""
| #define PACKAGE "czmq"
| #define VERSION "3.0.2"
| #define PACKAGE_VERSION_MAJOR 3
| #define PACKAGE_VERSION_MINOR 0
| #define PACKAGE_VERSION_PATCH 2
| /* end confdefs.h.  */
| #include <ac_nonexistent.h>
configure:8025: checking for ANSI C header files
configure:8045: gcc -std=gnu99 -c -g -O2  conftest.c >&5
configure:8045: $? = 0
configure:8118: gcc -std=gnu99 -o conftest -g -O2   conftest.c  >&5
configure:8118: $? = 0
configure:8118: ./conftest
configure:8118: $? = 0
configure:8129: result: yes
configure:8142: checking for sys/types.h
configure:8142: gcc -std=gnu99 -c -g -O2  conftest.c >&5
configure:8142: $? = 0
configure:8142: result: yes
configure:8142: checking for sys/stat.h
configure:8142: gcc -std=gnu99 -c -g -O2  conftest.c >&5
configure:8142: $? = 0
configure:8142: result: yes
configure:8142: checking for stdlib.h
configure:8142: gcc -std=gnu99 -c -g -O2  conftest.c >&5
configure:8142: $? = 0
configure:8142: result: yes
configure:8142: checking for string.h
configure:8142: gcc -std=gnu99 -c -g -O2  conftest.c >&5
configure:8142: $? = 0
configure:8142: result: yes
configure:8142: checking for memory.h
configure:8142: gcc -std=gnu99 -c -g -O2  conftest.c >&5
configure:8142: $? = 0
configure:8142: result: yes
configure:8142: checking for strings.h
configure:8142: gcc -std=gnu99 -c -g -O2  conftest.c >&5
configure:8142: $? = 0
configure:8142: result: yes
configure:8142: checking for inttypes.h
configure:8142: gcc -std=gnu99 -c -g -O2  conftest.c >&5
configure:8142: $? = 0
configure:8142: result: yes
configure:8142: checking for stdint.h
configure:8142: gcc -std=gnu99 -c -g -O2  conftest.c >&5
configure:8142: $? = 0
configure:8142: result: yes
configure:8142: checking for unistd.h
configure:8142: gcc -std=gnu99 -c -g -O2  conftest.c >&5
configure:8142: $? = 0
configure:8142: result: yes
configure:8156: checking for dlfcn.h
configure:8156: gcc -std=gnu99 -c -g -O2  conftest.c >&5
configure:8156: $? = 0
configure:8156: result: yes
configure:8360: checking for objdir
configure:8375: result: .libs
configure:8646: checking if gcc -std=gnu99 supports -fno-rtti -fno-exceptions
configure:8664: gcc -std=gnu99 -c -g -O2  -fno-rtti -fno-exceptions conftest.c >&5
cc1: warning: command line option '-fno-rtti' is valid for C++/ObjC++ but not for C [enabled by default]
configure:8668: $? = 0
configure:8681: result: no
configure:9008: checking for gcc -std=gnu99 option to produce PIC
configure:9015: result: -fPIC -DPIC
configure:9023: checking if gcc -std=gnu99 PIC flag -fPIC -DPIC works
configure:9041: gcc -std=gnu99 -c -g -O2  -fPIC -DPIC -DPIC conftest.c >&5
configure:9045: $? = 0
configure:9058: result: yes
configure:9087: checking if gcc -std=gnu99 static flag -static works
configure:9115: result: yes
configure:9130: checking if gcc -std=gnu99 supports -c -o file.o
configure:9151: gcc -std=gnu99 -c -g -O2  -o out/conftest2.o conftest.c >&5
configure:9155: $? = 0
configure:9177: result: yes
configure:9185: checking if gcc -std=gnu99 supports -c -o file.o
configure:9232: result: yes
configure:9265: checking whether the gcc -std=gnu99 linker (/usr/bin/ld -m elf_x86_64) supports shared libraries
configure:10422: result: yes
configure:10459: checking whether -lc should be explicitly linked in
configure:10467: gcc -std=gnu99 -c -g -O2  conftest.c >&5
configure:10470: $? = 0
configure:10485: gcc -std=gnu99 -shared  -fPIC -DPIC conftest.o  -v -Wl,-soname -Wl,conftest -o conftest 2\>\&1 \| /bin/grep  -lc  \>/dev/null 2\>\&1
configure:10488: $? = 0
configure:10502: result: no
configure:10662: checking dynamic linker characteristics
configure:11173: gcc -std=gnu99 -o conftest -g -O2   -Wl,-rpath -Wl,/foo conftest.c  >&5
configure:11173: $? = 0
configure:11407: result: GNU/Linux ld.so
configure:11514: checking how to hardcode library paths into programs
configure:11539: result: immediate
configure:12079: checking whether stripping libraries is possible
configure:12084: result: yes
configure:12119: checking if libtool supports shared libraries
configure:12121: result: yes
configure:12124: checking whether to build shared libraries
configure:12145: result: yes
configure:12148: checking whether to build static libraries
configure:12152: result: yes
configure:12189: checking for a sed that does not truncate output
configure:12253: result: /bin/sed
configure:12262: checking for gawk
configure:12289: result: mawk
configure:12354: checking for pkg-config
configure:12372: found /usr/bin/pkg-config
configure:12384: result: /usr/bin/pkg-config
configure:12409: checking pkg-config is at least version 0.9.0
configure:12412: result: yes
configure:12445: checking for zmq
configure:12452: $PKG_CONFIG --exists --print-errors "libzmq"
configure:12455: $? = 0
configure:12469: $PKG_CONFIG --exists --print-errors "libzmq"
configure:12472: $? = 0
configure:12654: result: yes
configure:12683: checking for asciidoc
configure:12711: result: no
configure:12721: checking for xmlto
configure:12749: result: no
configure:12768: checking whether to build documentation
configure:12770: result: no
configure:12772: checking whether to install manpages
configure:12774: result: yes
configure:12887: checking for ANSI C header files
configure:12991: result: yes
configure:13004: checking errno.h usability
configure:13004: gcc -std=gnu99 -c -g -O2 -D_GNU_SOURCE -DLINUX -D_REENTRANT -D_THREAD_SAFE  conftest.c >&5
configure:13004: $? = 0
configure:13004: result: yes
configure:13004: checking errno.h presence
configure:13004: gcc -std=gnu99 -E -D_GNU_SOURCE -DLINUX -D_REENTRANT -D_THREAD_SAFE  conftest.c
configure:13004: $? = 0
configure:13004: result: yes
configure:13004: checking for errno.h
configure:13004: result: yes
configure:13004: checking arpa/inet.h usability
configure:13004: gcc -std=gnu99 -c -g -O2 -D_GNU_SOURCE -DLINUX -D_REENTRANT -D_THREAD_SAFE  conftest.c >&5
configure:13004: $? = 0
configure:13004: result: yes
configure:13004: checking arpa/inet.h presence
configure:13004: gcc -std=gnu99 -E -D_GNU_SOURCE -DLINUX -D_REENTRANT -D_THREAD_SAFE  conftest.c
configure:13004: $? = 0
configure:13004: result: yes
configure:13004: checking for arpa/inet.h
configure:13004: result: yes
configure:13004: checking netinet/tcp.h usability
configure:13004: gcc -std=gnu99 -c -g -O2 -D_GNU_SOURCE -DLINUX -D_REENTRANT -D_THREAD_SAFE  conftest.c >&5
configure:13004: $? = 0
configure:13004: result: yes
configure:13004: checking netinet/tcp.h presence
configure:13004: gcc -std=gnu99 -E -D_GNU_SOURCE -DLINUX -D_REENTRANT -D_THREAD_SAFE  conftest.c
configure:13004: $? = 0
configure:13004: result: yes
configure:13004: checking for netinet/tcp.h
configure:13004: result: yes
configure:13004: checking netinet/in.h usability
configure:13004: gcc -std=gnu99 -c -g -O2 -D_GNU_SOURCE -DLINUX -D_REENTRANT -D_THREAD_SAFE  conftest.c >&5
configure:13004: $? = 0
configure:13004: result: yes
configure:13004: checking netinet/in.h presence
configure:13004: gcc -std=gnu99 -E -D_GNU_SOURCE -DLINUX -D_REENTRANT -D_THREAD_SAFE  conftest.c
configure:13004: $? = 0
configure:13004: result: yes
configure:13004: checking for netinet/in.h
configure:13004: result: yes
configure:13004: checking stddef.h usability
configure:13004: gcc -std=gnu99 -c -g -O2 -D_GNU_SOURCE -DLINUX -D_REENTRANT -D_THREAD_SAFE  conftest.c >&5
configure:13004: $? = 0
configure:13004: result: yes
configure:13004: checking stddef.h presence
configure:13004: gcc -std=gnu99 -E -D_GNU_SOURCE -DLINUX -D_REENTRANT -D_THREAD_SAFE  conftest.c
configure:13004: $? = 0
configure:13004: result: yes
configure:13004: checking for stddef.h
configure:13004: result: yes
configure:13004: checking for stdlib.h
configure:13004: result: yes
configure:13004: checking for string.h
configure:13004: result: yes
configure:13004: checking sys/socket.h usability
configure:13004: gcc -std=gnu99 -c -g -O2 -D_GNU_SOURCE -DLINUX -D_REENTRANT -D_THREAD_SAFE  conftest.c >&5
configure:13004: $? = 0
configure:13004: result: yes
configure:13004: checking sys/socket.h presence
configure:13004: gcc -std=gnu99 -E -D_GNU_SOURCE -DLINUX -D_REENTRANT -D_THREAD_SAFE  conftest.c
configure:13004: $? = 0
configure:13004: result: yes
configure:13004: checking for sys/socket.h
configure:13004: result: yes
configure:13004: checking sys/time.h usability
configure:13004: gcc -std=gnu99 -c -g -O2 -D_GNU_SOURCE -DLINUX -D_REENTRANT -D_THREAD_SAFE  conftest.c >&5
configure:13004: $? = 0
configure:13004: result: yes
configure:13004: checking sys/time.h presence
configure:13004: gcc -std=gnu99 -E -D_GNU_SOURCE -DLINUX -D_REENTRANT -D_THREAD_SAFE  conftest.c
configure:13004: $? = 0
configure:13004: result: yes
configure:13004: checking for sys/time.h
configure:13004: result: yes
configure:13004: checking for unistd.h
configure:13004: result: yes
configure:13004: checking limits.h usability
configure:13004: gcc -std=gnu99 -c -g -O2 -D_GNU_SOURCE -DLINUX -D_REENTRANT -D_THREAD_SAFE  conftest.c >&5
configure:13004: $? = 0
configure:13004: result: yes
configure:13004: checking limits.h presence
configure:13004: gcc -std=gnu99 -E -D_GNU_SOURCE -DLINUX -D_REENTRANT -D_THREAD_SAFE  conftest.c
configure:13004: $? = 0
configure:13004: result: yes
configure:13004: checking for limits.h
configure:13004: result: yes
configure:13004: checking ifaddrs.h usability
configure:13004: gcc -std=gnu99 -c -g -O2 -D_GNU_SOURCE -DLINUX -D_REENTRANT -D_THREAD_SAFE  conftest.c >&5
configure:13004: $? = 0
configure:13004: result: yes
configure:13004: checking ifaddrs.h presence
configure:13004: gcc -std=gnu99 -E -D_GNU_SOURCE -DLINUX -D_REENTRANT -D_THREAD_SAFE  conftest.c
configure:13004: $? = 0
configure:13004: result: yes
configure:13004: checking for ifaddrs.h
configure:13004: result: yes
configure:13017: checking for net/if.h
configure:13017: gcc -std=gnu99 -c -g -O2 -D_GNU_SOURCE -DLINUX -D_REENTRANT -D_THREAD_SAFE  conftest.c >&5
configure:13017: $? = 0
configure:13017: result: yes
configure:13017: checking for net/if_media.h
configure:13017: gcc -std=gnu99 -c -g -O2 -D_GNU_SOURCE -DLINUX -D_REENTRANT -D_THREAD_SAFE  conftest.c >&5
conftest.c:48:26: fatal error: net/if_media.h: No such file or directory
 #include <net/if_media.h>
                          ^
compilation terminated.
configure:13017: $? = 1
configure: failed program was:
| /* confdefs.h */
| #define PACKAGE_NAME "czmq"
| #define PACKAGE_TARNAME "czmq"
| #define PACKAGE_VERSION "3.0.2"
| #define PACKAGE_STRING "czmq 3.0.2"
| #define PACKAGE_BUGREPORT "zeromq-dev@lists.zeromq.org"
| #define PACKAGE_URL ""
| #define PACKAGE "czmq"
| #define VERSION "3.0.2"
| #define PACKAGE_VERSION_MAJOR 3
| #define PACKAGE_VERSION_MINOR 0
| #define PACKAGE_VERSION_PATCH 2
| #define STDC_HEADERS 1
| #define HAVE_SYS_TYPES_H 1
| #define HAVE_SYS_STAT_H 1
| #define HAVE_STDLIB_H 1
| #define HAVE_STRING_H 1
| #define HAVE_MEMORY_H 1
| #define HAVE_STRINGS_H 1
| #define HAVE_INTTYPES_H 1
| #define HAVE_STDINT_H 1
| #define HAVE_UNISTD_H 1
| #define HAVE_DLFCN_H 1
| #define LT_OBJDIR ".libs/"
| #define CZMQ_HAVE_LINUX 1
| #define STDC_HEADERS 1
| #define HAVE_ERRNO_H 1
| #define HAVE_ARPA_INET_H 1
| #define HAVE_NETINET_TCP_H 1
| #define HAVE_NETINET_IN_H 1
| #define HAVE_STDDEF_H 1
| #define HAVE_STDLIB_H 1
| #define HAVE_STRING_H 1
| #define HAVE_SYS_SOCKET_H 1
| #define HAVE_SYS_TIME_H 1
| #define HAVE_UNISTD_H 1
| #define HAVE_LIMITS_H 1
| #define HAVE_IFADDRS_H 1
| #define HAVE_NET_IF_H 1
| /* end confdefs.h.  */
| 
| #ifdef HAVE_SYS_SOCKET_H
| # include <sys/socket.h>
| #endif
| #include <stdint.h>
| 
| 
| #include <net/if_media.h>
configure:13017: result: no
configure:13017: checking for linux/wireless.h
configure:13017: gcc -std=gnu99 -c -g -O2 -D_GNU_SOURCE -DLINUX -D_REENTRANT -D_THREAD_SAFE  conftest.c >&5
configure:13017: $? = 0
configure:13017: result: yes
configure:13035: checking for stdbool.h that conforms to C99
configure:13102: gcc -std=gnu99 -c -g -O2 -D_GNU_SOURCE -DLINUX -D_REENTRANT -D_THREAD_SAFE  conftest.c >&5
configure:13102: $? = 0
configure:13109: result: yes
configure:13111: checking for _Bool
configure:13111: gcc -std=gnu99 -c -g -O2 -D_GNU_SOURCE -DLINUX -D_REENTRANT -D_THREAD_SAFE  conftest.c >&5
configure:13111: $? = 0
configure:13111: gcc -std=gnu99 -c -g -O2 -D_GNU_SOURCE -DLINUX -D_REENTRANT -D_THREAD_SAFE  conftest.c >&5
conftest.c: In function 'main':
conftest.c:78:20: error: expected expression before ')' token
 if (sizeof ((_Bool)))
                    ^
configure:13111: $? = 1
configure: failed program was:
| /* confdefs.h */
| #define PACKAGE_NAME "czmq"
| #define PACKAGE_TARNAME "czmq"
| #define PACKAGE_VERSION "3.0.2"
| #define PACKAGE_STRING "czmq 3.0.2"
| #define PACKAGE_BUGREPORT "zeromq-dev@lists.zeromq.org"
| #define PACKAGE_URL ""
| #define PACKAGE "czmq"
| #define VERSION "3.0.2"
| #define PACKAGE_VERSION_MAJOR 3
| #define PACKAGE_VERSION_MINOR 0
| #define PACKAGE_VERSION_PATCH 2
| #define STDC_HEADERS 1
| #define HAVE_SYS_TYPES_H 1
| #define HAVE_SYS_STAT_H 1
| #define HAVE_STDLIB_H 1
| #define HAVE_STRING_H 1
| #define HAVE_MEMORY_H 1
| #define HAVE_STRINGS_H 1
| #define HAVE_INTTYPES_H 1
| #define HAVE_STDINT_H 1
| #define HAVE_UNISTD_H 1
| #define HAVE_DLFCN_H 1
| #define LT_OBJDIR ".libs/"
| #define CZMQ_HAVE_LINUX 1
| #define STDC_HEADERS 1
| #define HAVE_ERRNO_H 1
| #define HAVE_ARPA_INET_H 1
| #define HAVE_NETINET_TCP_H 1
| #define HAVE_NETINET_IN_H 1
| #define HAVE_STDDEF_H 1
| #define HAVE_STDLIB_H 1
| #define HAVE_STRING_H 1
| #define HAVE_SYS_SOCKET_H 1
| #define HAVE_SYS_TIME_H 1
| #define HAVE_UNISTD_H 1
| #define HAVE_LIMITS_H 1
| #define HAVE_IFADDRS_H 1
| #define HAVE_NET_IF_H 1
| #define HAVE_LINUX_WIRELESS_H 1
| /* end confdefs.h.  */
| #include <stdio.h>
| #ifdef HAVE_SYS_TYPES_H
| # include <sys/types.h>
| #endif
| #ifdef HAVE_SYS_STAT_H
| # include <sys/stat.h>
| #endif
| #ifdef STDC_HEADERS
| # include <stdlib.h>
| # include <stddef.h>
| #else
| # ifdef HAVE_STDLIB_H
| #  include <stdlib.h>
| # endif
| #endif
| #ifdef HAVE_STRING_H
| # if !defined STDC_HEADERS && defined HAVE_MEMORY_H
| #  include <memory.h>
| # endif
| # include <string.h>
| #endif
| #ifdef HAVE_STRINGS_H
| # include <strings.h>
| #endif
| #ifdef HAVE_INTTYPES_H
| # include <inttypes.h>
| #endif
| #ifdef HAVE_STDINT_H
| # include <stdint.h>
| #endif
| #ifdef HAVE_UNISTD_H
| # include <unistd.h>
| #endif
| int
| main ()
| {
| if (sizeof ((_Bool)))
| 	    return 0;
|   ;
|   return 0;
| }
configure:13111: result: yes
configure:13127: checking for an ANSI C-conforming const
configure:13192: gcc -std=gnu99 -c -g -O2 -D_GNU_SOURCE -DLINUX -D_REENTRANT -D_THREAD_SAFE  conftest.c >&5
configure:13192: $? = 0
configure:13199: result: yes
configure:13207: checking for inline
configure:13223: gcc -std=gnu99 -c -g -O2 -D_GNU_SOURCE -DLINUX -D_REENTRANT -D_THREAD_SAFE  conftest.c >&5
configure:13223: $? = 0
configure:13231: result: inline
configure:13249: checking for size_t
configure:13249: gcc -std=gnu99 -c -g -O2 -D_GNU_SOURCE -DLINUX -D_REENTRANT -D_THREAD_SAFE  conftest.c >&5
configure:13249: $? = 0
configure:13249: gcc -std=gnu99 -c -g -O2 -D_GNU_SOURCE -DLINUX -D_REENTRANT -D_THREAD_SAFE  conftest.c >&5
conftest.c: In function 'main':
conftest.c:80:21: error: expected expression before ')' token
 if (sizeof ((size_t)))
                     ^
configure:13249: $? = 1
configure: failed program was:
| /* confdefs.h */
| #define PACKAGE_NAME "czmq"
| #define PACKAGE_TARNAME "czmq"
| #define PACKAGE_VERSION "3.0.2"
| #define PACKAGE_STRING "czmq 3.0.2"
| #define PACKAGE_BUGREPORT "zeromq-dev@lists.zeromq.org"
| #define PACKAGE_URL ""
| #define PACKAGE "czmq"
| #define VERSION "3.0.2"
| #define PACKAGE_VERSION_MAJOR 3
| #define PACKAGE_VERSION_MINOR 0
| #define PACKAGE_VERSION_PATCH 2
| #define STDC_HEADERS 1
| #define HAVE_SYS_TYPES_H 1
| #define HAVE_SYS_STAT_H 1
| #define HAVE_STDLIB_H 1
| #define HAVE_STRING_H 1
| #define HAVE_MEMORY_H 1
| #define HAVE_STRINGS_H 1
| #define HAVE_INTTYPES_H 1
| #define HAVE_STDINT_H 1
| #define HAVE_UNISTD_H 1
| #define HAVE_DLFCN_H 1
| #define LT_OBJDIR ".libs/"
| #define CZMQ_HAVE_LINUX 1
| #define STDC_HEADERS 1
| #define HAVE_ERRNO_H 1
| #define HAVE_ARPA_INET_H 1
| #define HAVE_NETINET_TCP_H 1
| #define HAVE_NETINET_IN_H 1
| #define HAVE_STDDEF_H 1
| #define HAVE_STDLIB_H 1
| #define HAVE_STRING_H 1
| #define HAVE_SYS_SOCKET_H 1
| #define HAVE_SYS_TIME_H 1
| #define HAVE_UNISTD_H 1
| #define HAVE_LIMITS_H 1
| #define HAVE_IFADDRS_H 1
| #define HAVE_NET_IF_H 1
| #define HAVE_LINUX_WIRELESS_H 1
| #define HAVE__BOOL 1
| #define HAVE_STDBOOL_H 1
| /* end confdefs.h.  */
| #include <stdio.h>
| #ifdef HAVE_SYS_TYPES_H
| # include <sys/types.h>
| #endif
| #ifdef HAVE_SYS_STAT_H
| # include <sys/stat.h>
| #endif
| #ifdef STDC_HEADERS
| # include <stdlib.h>
| # include <stddef.h>
| #else
| # ifdef HAVE_STDLIB_H
| #  include <stdlib.h>
| # endif
| #endif
| #ifdef HAVE_STRING_H
| # if !defined STDC_HEADERS && defined HAVE_MEMORY_H
| #  include <memory.h>
| # endif
| # include <string.h>
| #endif
| #ifdef HAVE_STRINGS_H
| # include <strings.h>
| #endif
| #ifdef HAVE_INTTYPES_H
| # include <inttypes.h>
| #endif
| #ifdef HAVE_STDINT_H
| # include <stdint.h>
| #endif
| #ifdef HAVE_UNISTD_H
| # include <unistd.h>
| #endif
| int
| main ()
| {
| if (sizeof ((size_t)))
| 	    return 0;
|   ;
|   return 0;
| }
configure:13249: result: yes
configure:13260: checking for ssize_t
configure:13260: gcc -std=gnu99 -c -g -O2 -D_GNU_SOURCE -DLINUX -D_REENTRANT -D_THREAD_SAFE  conftest.c >&5
configure:13260: $? = 0
configure:13260: gcc -std=gnu99 -c -g -O2 -D_GNU_SOURCE -DLINUX -D_REENTRANT -D_THREAD_SAFE  conftest.c >&5
conftest.c: In function 'main':
conftest.c:80:22: error: expected expression before ')' token
 if (sizeof ((ssize_t)))
                      ^
configure:13260: $? = 1
configure: failed program was:
| /* confdefs.h */
| #define PACKAGE_NAME "czmq"
| #define PACKAGE_TARNAME "czmq"
| #define PACKAGE_VERSION "3.0.2"
| #define PACKAGE_STRING "czmq 3.0.2"
| #define PACKAGE_BUGREPORT "zeromq-dev@lists.zeromq.org"
| #define PACKAGE_URL ""
| #define PACKAGE "czmq"
| #define VERSION "3.0.2"
| #define PACKAGE_VERSION_MAJOR 3
| #define PACKAGE_VERSION_MINOR 0
| #define PACKAGE_VERSION_PATCH 2
| #define STDC_HEADERS 1
| #define HAVE_SYS_TYPES_H 1
| #define HAVE_SYS_STAT_H 1
| #define HAVE_STDLIB_H 1
| #define HAVE_STRING_H 1
| #define HAVE_MEMORY_H 1
| #define HAVE_STRINGS_H 1
| #define HAVE_INTTYPES_H 1
| #define HAVE_STDINT_H 1
| #define HAVE_UNISTD_H 1
| #define HAVE_DLFCN_H 1
| #define LT_OBJDIR ".libs/"
| #define CZMQ_HAVE_LINUX 1
| #define STDC_HEADERS 1
| #define HAVE_ERRNO_H 1
| #define HAVE_ARPA_INET_H 1
| #define HAVE_NETINET_TCP_H 1
| #define HAVE_NETINET_IN_H 1
| #define HAVE_STDDEF_H 1
| #define HAVE_STDLIB_H 1
| #define HAVE_STRING_H 1
| #define HAVE_SYS_SOCKET_H 1
| #define HAVE_SYS_TIME_H 1
| #define HAVE_UNISTD_H 1
| #define HAVE_LIMITS_H 1
| #define HAVE_IFADDRS_H 1
| #define HAVE_NET_IF_H 1
| #define HAVE_LINUX_WIRELESS_H 1
| #define HAVE__BOOL 1
| #define HAVE_STDBOOL_H 1
| /* end confdefs.h.  */
| #include <stdio.h>
| #ifdef HAVE_SYS_TYPES_H
| # include <sys/types.h>
| #endif
| #ifdef HAVE_SYS_STAT_H
| # include <sys/stat.h>
| #endif
| #ifdef STDC_HEADERS
| # include <stdlib.h>
| # include <stddef.h>
| #else
| # ifdef HAVE_STDLIB_H
| #  include <stdlib.h>
| # endif
| #endif
| #ifdef HAVE_STRING_H
| # if !defined STDC_HEADERS && defined HAVE_MEMORY_H
| #  include <memory.h>
| # endif
| # include <string.h>
| #endif
| #ifdef HAVE_STRINGS_H
| # include <strings.h>
| #endif
| #ifdef HAVE_INTTYPES_H
| # include <inttypes.h>
| #endif
| #ifdef HAVE_STDINT_H
| # include <stdint.h>
| #endif
| #ifdef HAVE_UNISTD_H
| # include <unistd.h>
| #endif
| int
| main ()
| {
| if (sizeof ((ssize_t)))
| 	    return 0;
|   ;
|   return 0;
| }
configure:13260: result: yes
configure:13271: checking whether time.h and sys/time.h may both be included
configure:13291: gcc -std=gnu99 -c -g -O2 -D_GNU_SOURCE -DLINUX -D_REENTRANT -D_THREAD_SAFE  conftest.c >&5
configure:13291: $? = 0
configure:13298: result: yes
configure:13306: checking for uint32_t
configure:13306: gcc -std=gnu99 -c -g -O2 -D_GNU_SOURCE -DLINUX -D_REENTRANT -D_THREAD_SAFE  conftest.c >&5
configure:13306: $? = 0
configure:13306: result: yes
configure:13320: checking for working volatile
configure:13339: gcc -std=gnu99 -c -g -O2 -D_GNU_SOURCE -DLINUX -D_REENTRANT -D_THREAD_SAFE  conftest.c >&5
configure:13339: $? = 0
configure:13346: result: yes
configure:13354: checking whether byte ordering is bigendian
configure:13369: gcc -std=gnu99 -c -g -O2 -D_GNU_SOURCE -DLINUX -D_REENTRANT -D_THREAD_SAFE  conftest.c >&5
conftest.c:46:9: error: unknown type name 'not'
         not a universal capable compiler
         ^
conftest.c:46:15: error: expected '=', ',', ';', 'asm' or '__attribute__' before 'universal'
         not a universal capable compiler
               ^
conftest.c:46:15: error: unknown type name 'universal'
configure:13369: $? = 1
configure: failed program was:
| /* confdefs.h */
| #define PACKAGE_NAME "czmq"
| #define PACKAGE_TARNAME "czmq"
| #define PACKAGE_VERSION "3.0.2"
| #define PACKAGE_STRING "czmq 3.0.2"
| #define PACKAGE_BUGREPORT "zeromq-dev@lists.zeromq.org"
| #define PACKAGE_URL ""
| #define PACKAGE "czmq"
| #define VERSION "3.0.2"
| #define PACKAGE_VERSION_MAJOR 3
| #define PACKAGE_VERSION_MINOR 0
| #define PACKAGE_VERSION_PATCH 2
| #define STDC_HEADERS 1
| #define HAVE_SYS_TYPES_H 1
| #define HAVE_SYS_STAT_H 1
| #define HAVE_STDLIB_H 1
| #define HAVE_STRING_H 1
| #define HAVE_MEMORY_H 1
| #define HAVE_STRINGS_H 1
| #define HAVE_INTTYPES_H 1
| #define HAVE_STDINT_H 1
| #define HAVE_UNISTD_H 1
| #define HAVE_DLFCN_H 1
| #define LT_OBJDIR ".libs/"
| #define CZMQ_HAVE_LINUX 1
| #define STDC_HEADERS 1
| #define HAVE_ERRNO_H 1
| #define HAVE_ARPA_INET_H 1
| #define HAVE_NETINET_TCP_H 1
| #define HAVE_NETINET_IN_H 1
| #define HAVE_STDDEF_H 1
| #define HAVE_STDLIB_H 1
| #define HAVE_STRING_H 1
| #define HAVE_SYS_SOCKET_H 1
| #define HAVE_SYS_TIME_H 1
| #define HAVE_UNISTD_H 1
| #define HAVE_LIMITS_H 1
| #define HAVE_IFADDRS_H 1
| #define HAVE_NET_IF_H 1
| #define HAVE_LINUX_WIRELESS_H 1
| #define HAVE__BOOL 1
| #define HAVE_STDBOOL_H 1
| #define TIME_WITH_SYS_TIME 1
| /* end confdefs.h.  */
| #ifndef __APPLE_CC__
| 	       not a universal capable compiler
| 	     #endif
| 	     typedef int dummy;
| 
configure:13414: gcc -std=gnu99 -c -g -O2 -D_GNU_SOURCE -DLINUX -D_REENTRANT -D_THREAD_SAFE  conftest.c >&5
configure:13414: $? = 0
configure:13432: gcc -std=gnu99 -c -g -O2 -D_GNU_SOURCE -DLINUX -D_REENTRANT -D_THREAD_SAFE  conftest.c >&5
conftest.c: In function 'main':
conftest.c:52:4: error: unknown type name 'not'
    not big endian
    ^
conftest.c:52:12: error: expected '=', ',', ';', 'asm' or '__attribute__' before 'endian'
    not big endian
            ^
configure:13432: $? = 1
configure: failed program was:
| /* confdefs.h */
| #define PACKAGE_NAME "czmq"
| #define PACKAGE_TARNAME "czmq"
| #define PACKAGE_VERSION "3.0.2"
| #define PACKAGE_STRING "czmq 3.0.2"
| #define PACKAGE_BUGREPORT "zeromq-dev@lists.zeromq.org"
| #define PACKAGE_URL ""
| #define PACKAGE "czmq"
| #define VERSION "3.0.2"
| #define PACKAGE_VERSION_MAJOR 3
| #define PACKAGE_VERSION_MINOR 0
| #define PACKAGE_VERSION_PATCH 2
| #define STDC_HEADERS 1
| #define HAVE_SYS_TYPES_H 1
| #define HAVE_SYS_STAT_H 1
| #define HAVE_STDLIB_H 1
| #define HAVE_STRING_H 1
| #define HAVE_MEMORY_H 1
| #define HAVE_STRINGS_H 1
| #define HAVE_INTTYPES_H 1
| #define HAVE_STDINT_H 1
| #define HAVE_UNISTD_H 1
| #define HAVE_DLFCN_H 1
| #define LT_OBJDIR ".libs/"
| #define CZMQ_HAVE_LINUX 1
| #define STDC_HEADERS 1
| #define HAVE_ERRNO_H 1
| #define HAVE_ARPA_INET_H 1
| #define HAVE_NETINET_TCP_H 1
| #define HAVE_NETINET_IN_H 1
| #define HAVE_STDDEF_H 1
| #define HAVE_STDLIB_H 1
| #define HAVE_STRING_H 1
| #define HAVE_SYS_SOCKET_H 1
| #define HAVE_SYS_TIME_H 1
| #define HAVE_UNISTD_H 1
| #define HAVE_LIMITS_H 1
| #define HAVE_IFADDRS_H 1
| #define HAVE_NET_IF_H 1
| #define HAVE_LINUX_WIRELESS_H 1
| #define HAVE__BOOL 1
| #define HAVE_STDBOOL_H 1
| #define TIME_WITH_SYS_TIME 1
| /* end confdefs.h.  */
| #include <sys/types.h>
| 		#include <sys/param.h>
| 
| int
| main ()
| {
| #if BYTE_ORDER != BIG_ENDIAN
| 		 not big endian
| 		#endif
| 
|   ;
|   return 0;
| }
configure:13560: result: no
configure:13652: WITH_MAKECERT defined
configure:13675: WITH_TEST_ZGOSSIP defined
configure:13680: checking return type of signal handlers
configure:13698: gcc -std=gnu99 -c -g -O2 -pedantic -Werror -Wall -Wc++-compat -D_GNU_SOURCE -DLINUX -D_REENTRANT -D_THREAD_SAFE  conftest.c >&5
conftest.c: In function 'main':
conftest.c:51:1: error: void value not ignored as it ought to be
 return *(signal (0, 0)) (0) == 1;
 ^
configure:13698: $? = 1
configure: failed program was:
| /* confdefs.h */
| #define PACKAGE_NAME "czmq"
| #define PACKAGE_TARNAME "czmq"
| #define PACKAGE_VERSION "3.0.2"
| #define PACKAGE_STRING "czmq 3.0.2"
| #define PACKAGE_BUGREPORT "zeromq-dev@lists.zeromq.org"
| #define PACKAGE_URL ""
| #define PACKAGE "czmq"
| #define VERSION "3.0.2"
| #define PACKAGE_VERSION_MAJOR 3
| #define PACKAGE_VERSION_MINOR 0
| #define PACKAGE_VERSION_PATCH 2
| #define STDC_HEADERS 1
| #define HAVE_SYS_TYPES_H 1
| #define HAVE_SYS_STAT_H 1
| #define HAVE_STDLIB_H 1
| #define HAVE_STRING_H 1
| #define HAVE_MEMORY_H 1
| #define HAVE_STRINGS_H 1
| #define HAVE_INTTYPES_H 1
| #define HAVE_STDINT_H 1
| #define HAVE_UNISTD_H 1
| #define HAVE_DLFCN_H 1
| #define LT_OBJDIR ".libs/"
| #define CZMQ_HAVE_LINUX 1
| #define STDC_HEADERS 1
| #define HAVE_ERRNO_H 1
| #define HAVE_ARPA_INET_H 1
| #define HAVE_NETINET_TCP_H 1
| #define HAVE_NETINET_IN_H 1
| #define HAVE_STDDEF_H 1
| #define HAVE_STDLIB_H 1
| #define HAVE_STRING_H 1
| #define HAVE_SYS_SOCKET_H 1
| #define HAVE_SYS_TIME_H 1
| #define HAVE_UNISTD_H 1
| #define HAVE_LIMITS_H 1
| #define HAVE_IFADDRS_H 1
| #define HAVE_NET_IF_H 1
| #define HAVE_LINUX_WIRELESS_H 1
| #define HAVE__BOOL 1
| #define HAVE_STDBOOL_H 1
| #define TIME_WITH_SYS_TIME 1
| /* end confdefs.h.  */
| #include <sys/types.h>
| #include <signal.h>
| 
| int
| main ()
| {
| return *(signal (0, 0)) (0) == 1;
|   ;
|   return 0;
| }
configure:13705: result: void
configure:13716: checking for perror
configure:13716: gcc -std=gnu99 -o conftest -g -O2 -pedantic -Werror -Wall -Wc++-compat -D_GNU_SOURCE -DLINUX -D_REENTRANT -D_THREAD_SAFE   conftest.c  >&5
configure:13716: $? = 0
configure:13716: result: yes
configure:13716: checking for gettimeofday
configure:13716: gcc -std=gnu99 -o conftest -g -O2 -pedantic -Werror -Wall -Wc++-compat -D_GNU_SOURCE -DLINUX -D_REENTRANT -D_THREAD_SAFE   conftest.c  >&5
configure:13716: $? = 0
configure:13716: result: yes
configure:13716: checking for memset
configure:13716: gcc -std=gnu99 -o conftest -g -O2 -pedantic -Werror -Wall -Wc++-compat -D_GNU_SOURCE -DLINUX -D_REENTRANT -D_THREAD_SAFE   conftest.c  >&5
conftest.c:71:6: error: conflicting types for built-in function 'memset' [-Werror]
 char memset ();
      ^
cc1: all warnings being treated as errors
configure:13716: $? = 1
configure: failed program was:
| /* confdefs.h */
| #define PACKAGE_NAME "czmq"
| #define PACKAGE_TARNAME "czmq"
| #define PACKAGE_VERSION "3.0.2"
| #define PACKAGE_STRING "czmq 3.0.2"
| #define PACKAGE_BUGREPORT "zeromq-dev@lists.zeromq.org"
| #define PACKAGE_URL ""
| #define PACKAGE "czmq"
| #define VERSION "3.0.2"
| #define PACKAGE_VERSION_MAJOR 3
| #define PACKAGE_VERSION_MINOR 0
| #define PACKAGE_VERSION_PATCH 2
| #define STDC_HEADERS 1
| #define HAVE_SYS_TYPES_H 1
| #define HAVE_SYS_STAT_H 1
| #define HAVE_STDLIB_H 1
| #define HAVE_STRING_H 1
| #define HAVE_MEMORY_H 1
| #define HAVE_STRINGS_H 1
| #define HAVE_INTTYPES_H 1
| #define HAVE_STDINT_H 1
| #define HAVE_UNISTD_H 1
| #define HAVE_DLFCN_H 1
| #define LT_OBJDIR ".libs/"
| #define CZMQ_HAVE_LINUX 1
| #define STDC_HEADERS 1
| #define HAVE_ERRNO_H 1
| #define HAVE_ARPA_INET_H 1
| #define HAVE_NETINET_TCP_H 1
| #define HAVE_NETINET_IN_H 1
| #define HAVE_STDDEF_H 1
| #define HAVE_STDLIB_H 1
| #define HAVE_STRING_H 1
| #define HAVE_SYS_SOCKET_H 1
| #define HAVE_SYS_TIME_H 1
| #define HAVE_UNISTD_H 1
| #define HAVE_LIMITS_H 1
| #define HAVE_IFADDRS_H 1
| #define HAVE_NET_IF_H 1
| #define HAVE_LINUX_WIRELESS_H 1
| #define HAVE__BOOL 1
| #define HAVE_STDBOOL_H 1
| #define TIME_WITH_SYS_TIME 1
| #define RETSIGTYPE void
| #define HAVE_PERROR 1
| #define HAVE_GETTIMEOFDAY 1
| /* end confdefs.h.  */
| /* Define memset to an innocuous variant, in case <limits.h> declares memset.
|    For example, HP-UX 11i <limits.h> declares gettimeofday.  */
| #define memset innocuous_memset
| 
| /* System header to define __stub macros and hopefully few prototypes,
|     which can conflict with char memset (); below.
|     Prefer <limits.h> to <assert.h> if __STDC__ is defined, since
|     <limits.h> exists even on freestanding compilers.  */
| 
| #ifdef __STDC__
| # include <limits.h>
| #else
| # include <assert.h>
| #endif
| 
| #undef memset
| 
| /* Override any GCC internal prototype to avoid an error.
|    Use char because int might match the return type of a GCC
|    builtin and then its argument prototype would still apply.  */
| #ifdef __cplusplus
| extern "C"
| #endif
| char memset ();
| /* The GNU C library defines this for functions which it implements
|     to always fail with ENOSYS.  Some functions are actually named
|     something starting with __ and the normal name is an alias.  */
| #if defined __stub_memset || defined __stub___memset
| choke me
| #endif
| 
| int
| main ()
| {
| return memset ();
|   ;
|   return 0;
| }
configure:13716: result: no
configure:13716: checking for getifaddrs
configure:13716: gcc -std=gnu99 -o conftest -g -O2 -pedantic -Werror -Wall -Wc++-compat -D_GNU_SOURCE -DLINUX -D_REENTRANT -D_THREAD_SAFE   conftest.c  >&5
configure:13716: $? = 0
configure:13716: result: yes
configure:13903: creating ./config.status

## ---------------------- ##
## Running config.status. ##
## ---------------------- ##

This file was extended by czmq config.status 3.0.2, which was
generated by GNU Autoconf 2.68.  Invocation command line was

  CONFIG_FILES    = 
  CONFIG_HEADERS  = 
  CONFIG_LINKS    = 
  CONFIG_COMMANDS = 
  $ ./config.status 

on sgeadmin-VirtualBox

config.status:1147: creating Makefile
config.status:1147: creating doc/Makefile
config.status:1147: creating src/libczmq.pc
config.status:1147: creating src/platform.h
config.status:1328: src/platform.h is unchanged
config.status:1376: executing depfiles commands
config.status:1376: executing libtool commands

## ---------------- ##
## Cache variables. ##
## ---------------- ##

ac_cv_build=x86_64-unknown-linux-gnu
ac_cv_c_bigendian=no
ac_cv_c_compiler_gnu=yes
ac_cv_c_const=yes
ac_cv_c_inline=inline
ac_cv_c_uint32_t=yes
ac_cv_c_volatile=yes
ac_cv_env_CC_set=
ac_cv_env_CC_value=
ac_cv_env_CFLAGS_set=
ac_cv_env_CFLAGS_value=
ac_cv_env_CPPFLAGS_set=
ac_cv_env_CPPFLAGS_value=
ac_cv_env_CPP_set=
ac_cv_env_CPP_value=
ac_cv_env_LDFLAGS_set=
ac_cv_env_LDFLAGS_value=
ac_cv_env_LIBS_set=
ac_cv_env_LIBS_value=
ac_cv_env_PKG_CONFIG_LIBDIR_set=
ac_cv_env_PKG_CONFIG_LIBDIR_value=
ac_cv_env_PKG_CONFIG_PATH_set=
ac_cv_env_PKG_CONFIG_PATH_value=
ac_cv_env_PKG_CONFIG_set=
ac_cv_env_PKG_CONFIG_value=
ac_cv_env_build_alias_set=
ac_cv_env_build_alias_value=
ac_cv_env_host_alias_set=
ac_cv_env_host_alias_value=
ac_cv_env_target_alias_set=
ac_cv_env_target_alias_value=
ac_cv_env_zmq_CFLAGS_set=
ac_cv_env_zmq_CFLAGS_value=
ac_cv_env_zmq_LIBS_set=
ac_cv_env_zmq_LIBS_value=
ac_cv_func_getifaddrs=yes
ac_cv_func_gettimeofday=yes
ac_cv_func_memset=no
ac_cv_func_perror=yes
ac_cv_header_arpa_inet_h=yes
ac_cv_header_dlfcn_h=yes
ac_cv_header_errno_h=yes
ac_cv_header_ifaddrs_h=yes
ac_cv_header_inttypes_h=yes
ac_cv_header_limits_h=yes
ac_cv_header_linux_wireless_h=yes
ac_cv_header_memory_h=yes
ac_cv_header_net_if_h=yes
ac_cv_header_net_if_media_h=no
ac_cv_header_netinet_in_h=yes
ac_cv_header_netinet_tcp_h=yes
ac_cv_header_stdbool_h=yes
ac_cv_header_stdc=yes
ac_cv_header_stddef_h=yes
ac_cv_header_stdint_h=yes
ac_cv_header_stdlib_h=yes
ac_cv_header_string_h=yes
ac_cv_header_strings_h=yes
ac_cv_header_sys_socket_h=yes
ac_cv_header_sys_stat_h=yes
ac_cv_header_sys_time_h=yes
ac_cv_header_sys_types_h=yes
ac_cv_header_time=yes
ac_cv_header_unistd_h=yes
ac_cv_host=x86_64-unknown-linux-gnu
ac_cv_objext=o
ac_cv_path_EGREP='/bin/grep -E'
ac_cv_path_FGREP='/bin/grep -F'
ac_cv_path_GREP=/bin/grep
ac_cv_path_SED=/bin/sed
ac_cv_path_ac_pt_PKG_CONFIG=/usr/bin/pkg-config
ac_cv_path_install='/usr/bin/install -c'
ac_cv_path_mkdir=/bin/mkdir
ac_cv_prog_AWK=mawk
ac_cv_prog_CPP='gcc -std=gnu99 -E'
ac_cv_prog_ac_ct_AR=ar
ac_cv_prog_ac_ct_CC=gcc
ac_cv_prog_ac_ct_DLLTOOL=dlltool
ac_cv_prog_ac_ct_MANIFEST_TOOL=mt
ac_cv_prog_ac_ct_OBJDUMP=objdump
ac_cv_prog_ac_ct_RANLIB=ranlib
ac_cv_prog_ac_ct_STRIP=strip
ac_cv_prog_cc_c89=
ac_cv_prog_cc_c99=-std=gnu99
ac_cv_prog_cc_g=yes
ac_cv_prog_cc_gcc_c_o=yes
ac_cv_prog_czmq_have_asciidoc=no
ac_cv_prog_czmq_have_xmlto=no
ac_cv_prog_make_make_set=yes
ac_cv_type__Bool=yes
ac_cv_type_signal=void
ac_cv_type_size_t=yes
ac_cv_type_ssize_t=yes
am_cv_CC_dependencies_compiler_type=gcc3
am_cv_make_support_nested_variables=yes
am_cv_prog_tar_ustar=gnutar
lt_cv_ar_at_file=@
lt_cv_archive_cmds_need_lc=no
lt_cv_deplibs_check_method=pass_all
lt_cv_file_magic_cmd='$MAGIC_CMD'
lt_cv_file_magic_test_file=
lt_cv_ld_reload_flag=-r
lt_cv_nm_interface='BSD nm'
lt_cv_objdir=.libs
lt_cv_path_LD=/usr/bin/ld
lt_cv_path_NM='/usr/bin/nm -B'
lt_cv_path_mainfest_tool=no
lt_cv_prog_compiler_c_o=yes
lt_cv_prog_compiler_pic='-fPIC -DPIC'
lt_cv_prog_compiler_pic_works=yes
lt_cv_prog_compiler_rtti_exceptions=no
lt_cv_prog_compiler_static_works=yes
lt_cv_prog_gnu_ld=yes
lt_cv_sharedlib_from_linklib_cmd='printf %s\n'
lt_cv_shlibpath_overrides_runpath=no
lt_cv_sys_global_symbol_pipe='sed -n -e '\''s/^.*[	 ]\([ABCDGIRSTW][ABCDGIRSTW]*\)[	 ][	 ]*\([_A-Za-z][_A-Za-z0-9]*\)$/\1 \2 \2/p'\'' | sed '\''/ __gnu_lto/d'\'''
lt_cv_sys_global_symbol_to_c_name_address='sed -n -e '\''s/^: \([^ ]*\)[ ]*$/  {\"\1\", (void *) 0},/p'\'' -e '\''s/^[ABCDGIRSTW]* \([^ ]*\) \([^ ]*\)$/  {"\2", (void *) \&\2},/p'\'''
lt_cv_sys_global_symbol_to_c_name_address_lib_prefix='sed -n -e '\''s/^: \([^ ]*\)[ ]*$/  {\"\1\", (void *) 0},/p'\'' -e '\''s/^[ABCDGIRSTW]* \([^ ]*\) \(lib[^ ]*\)$/  {"\2", (void *) \&\2},/p'\'' -e '\''s/^[ABCDGIRSTW]* \([^ ]*\) \([^ ]*\)$/  {"lib\2", (void *) \&\2},/p'\'''
lt_cv_sys_global_symbol_to_cdecl='sed -n -e '\''s/^T .* \(.*\)$/extern int \1();/p'\'' -e '\''s/^[ABCDGIRSTW]* .* \(.*\)$/extern char \1;/p'\'''
lt_cv_sys_max_cmd_len=1572864
lt_cv_to_host_file_cmd=func_convert_file_noop
lt_cv_to_tool_file_cmd=func_convert_file_noop
pkg_cv_zmq_CFLAGS='-DZMQ_BUILD_DRAFT_API=1 -I/usr/local/include  '
pkg_cv_zmq_LIBS='-L/usr/local/lib -lzmq  '

## ----------------- ##
## Output variables. ##
## ----------------- ##

ACLOCAL='${SHELL} /home/sgeadmin/COLAS/src/ZMQ/czmq-3.0.2/config/missing --run aclocal-1.11'
AMDEPBACKSLASH='\'
AMDEP_FALSE='#'
AMDEP_TRUE=''
AMTAR='$${TAR-tar}'
AM_BACKSLASH='\'
AM_DEFAULT_V='$(AM_DEFAULT_VERBOSITY)'
AM_DEFAULT_VERBOSITY='0'
AM_V='$(V)'
AR='ar'
AS='as'
AUTOCONF='${SHELL} /home/sgeadmin/COLAS/src/ZMQ/czmq-3.0.2/config/missing --run autoconf'
AUTOHEADER='${SHELL} /home/sgeadmin/COLAS/src/ZMQ/czmq-3.0.2/config/missing --run autoheader'
AUTOMAKE='${SHELL} /home/sgeadmin/COLAS/src/ZMQ/czmq-3.0.2/config/missing --run automake-1.11'
AWK='mawk'
BUILD_DOC_FALSE=''
BUILD_DOC_TRUE='#'
CC='gcc -std=gnu99'
CCDEPMODE='depmode=gcc3'
CFLAGS='-g -O2'
CPP='gcc -std=gnu99 -E'
CPPFLAGS='-pedantic -Werror -Wall -Wc++-compat -D_GNU_SOURCE -DLINUX -D_REENTRANT -D_THREAD_SAFE '
CYGPATH_W='echo'
DEFS='-DHAVE_CONFIG_H'
DEPDIR='.deps'
DLLTOOL='dlltool'
DSYMUTIL=''
DUMPBIN=''
ECHO_C=''
ECHO_N='-n'
ECHO_T=''
EGREP='/bin/grep -E'
ENABLE_SHARED_FALSE='#'
ENABLE_SHARED_TRUE=''
EXEEXT=''
FGREP='/bin/grep -F'
GREP='/bin/grep'
INSTALL_DATA='${INSTALL} -m 644'
INSTALL_MAN_FALSE='#'
INSTALL_MAN_TRUE=''
INSTALL_PROGRAM='${INSTALL}'
INSTALL_SCRIPT='${INSTALL}'
INSTALL_STRIP_PROGRAM='$(install_sh) -c -s'
LD='/usr/bin/ld -m elf_x86_64'
LDFLAGS=''
LIBOBJS=''
LIBS=''
LIBTOOL='$(SHELL) $(top_builddir)/libtool'
LIPO=''
LN_S='ln -s'
LTLIBOBJS=''
LTVER='3:0:0'
MAKEINFO='${SHELL} /home/sgeadmin/COLAS/src/ZMQ/czmq-3.0.2/config/missing --run makeinfo'
MANIFEST_TOOL=':'
MKDIR_P='/bin/mkdir -p'
NM='/usr/bin/nm -B'
NMEDIT=''
OBJDUMP='objdump'
OBJEXT='o'
ON_ANDROID_FALSE=''
ON_ANDROID_TRUE='#'
ON_CYGWIN_FALSE=''
ON_CYGWIN_TRUE='#'
ON_MINGW_FALSE=''
ON_MINGW_TRUE='#'
OTOOL64=''
OTOOL=''
PACKAGE='czmq'
PACKAGE_BUGREPORT='zeromq-dev@lists.zeromq.org'
PACKAGE_NAME='czmq'
PACKAGE_STRING='czmq 3.0.2'
PACKAGE_TARNAME='czmq'
PACKAGE_URL=''
PACKAGE_VERSION='3.0.2'
PATH_SEPARATOR=':'
PKG_CONFIG='/usr/bin/pkg-config'
PKG_CONFIG_LIBDIR=''
PKG_CONFIG_PATH=''
RANLIB='ranlib'
SED='/bin/sed'
SET_MAKE=''
SHELL='/bin/bash'
STRIP='strip'
VERSION='3.0.2'
WITH_MAKECERT_FALSE='#'
WITH_MAKECERT_TRUE=''
WITH_TEST_ZGOSSIP_FALSE='#'
WITH_TEST_ZGOSSIP_TRUE=''
ac_ct_AR='ar'
ac_ct_CC='gcc'
ac_ct_DUMPBIN=''
am__EXEEXT_FALSE=''
am__EXEEXT_TRUE='#'
am__fastdepCC_FALSE='#'
am__fastdepCC_TRUE=''
am__include='include'
am__isrc=''
am__leading_dot='.'
am__nodep='_no'
am__quote=''
am__tar='tar --format=ustar -chf - "$$tardir"'
am__untar='tar -xf -'
bindir='${exec_prefix}/bin'
build='x86_64-unknown-linux-gnu'
build_alias=''
build_cpu='x86_64'
build_os='linux-gnu'
build_vendor='unknown'
czmq_have_asciidoc='no'
czmq_have_xmlto='no'
datadir='${datarootdir}'
datarootdir='${prefix}/share'
docdir='${datarootdir}/doc/${PACKAGE_TARNAME}'
dvidir='${docdir}'
exec_prefix='${prefix}'
host='x86_64-unknown-linux-gnu'
host_alias=''
host_cpu='x86_64'
host_os='linux-gnu'
host_vendor='unknown'
htmldir='${docdir}'
includedir='${prefix}/include'
infodir='${datarootdir}/info'
install_sh='${SHELL} /home/sgeadmin/COLAS/src/ZMQ/czmq-3.0.2/config/install-sh'
libdir='${exec_prefix}/lib'
libexecdir='${exec_prefix}/libexec'
localedir='${datarootdir}/locale'
localstatedir='${prefix}/var'
mandir='${datarootdir}/man'
mkdir_p='/bin/mkdir -p'
oldincludedir='/usr/include'
pdfdir='${docdir}'
pkgconfigdir='${libdir}/pkgconfig'
prefix='/home/sgeadmin/COLAS/src/ZMQ/czmqlibs'
program_transform_name='s,x,x,'
psdir='${docdir}'
sbindir='${exec_prefix}/sbin'
sharedstatedir='${prefix}/com'
sysconfdir='${prefix}/etc'
target_alias=''
zmq_CFLAGS='-DZMQ_BUILD_DRAFT_API=1 -I/usr/local/include  '
zmq_LIBS='-L/usr/local/lib -lzmq  '

## ----------- ##
## confdefs.h. ##
## ----------- ##

/* confdefs.h */
#define PACKAGE_NAME "czmq"
#define PACKAGE_TARNAME "czmq"
#define PACKAGE_VERSION "3.0.2"
#define PACKAGE_STRING "czmq 3.0.2"
#define PACKAGE_BUGREPORT "zeromq-dev@lists.zeromq.org"
#define PACKAGE_URL ""
#define PACKAGE "czmq"
#define VERSION "3.0.2"
#define PACKAGE_VERSION_MAJOR 3
#define PACKAGE_VERSION_MINOR 0
#define PACKAGE_VERSION_PATCH 2
#define STDC_HEADERS 1
#define HAVE_SYS_TYPES_H 1
#define HAVE_SYS_STAT_H 1
#define HAVE_STDLIB_H 1
#define HAVE_STRING_H 1
#define HAVE_MEMORY_H 1
#define HAVE_STRINGS_H 1
#define HAVE_INTTYPES_H 1
#define HAVE_STDINT_H 1
#define HAVE_UNISTD_H 1
#define HAVE_DLFCN_H 1
#define LT_OBJDIR ".libs/"
#define CZMQ_HAVE_LINUX 1
#define STDC_HEADERS 1
#define HAVE_ERRNO_H 1
#define HAVE_ARPA_INET_H 1
#define HAVE_NETINET_TCP_H 1
#define HAVE_NETINET_IN_H 1
#define HAVE_STDDEF_H 1
#define HAVE_STDLIB_H 1
#define HAVE_STRING_H 1
#define HAVE_SYS_SOCKET_H 1
#define HAVE_SYS_TIME_H 1
#define HAVE_UNISTD_H 1
#define HAVE_LIMITS_H 1
#define HAVE_IFADDRS_H 1
#define HAVE_NET_IF_H 1
#define HAVE_LINUX_WIRELESS_H 1
#define HAVE__BOOL 1
#define HAVE_STDBOOL_H 1
#define TIME_WITH_SYS_TIME 1
#define RETSIGTYPE void
#define HAVE_PERROR 1
#define HAVE_GETTIMEOFDAY 1
#define HAVE_GETIFADDRS 1

configure: exit 0
